<?xml version="1.0" encoding="UTF-8"?>
<!-- Generated by org.testng.reporters.JUnitReportReporter -->
<testsuite hostname="LAPTOP-T51A3O5O" failures="0" tests="9" name="MyPack.Country2" time="0.016" errors="0" timestamp="2024-06-08T12:42:00 IST" skipped="0">
  <testcase classname="MyPack.Country2" name="cu" time="0.005"/>
  <system-out/>
  <testcase classname="MyPack.Country2" name="ir" time="0.002"/>
  <system-out/>
  <testcase classname="MyPack.Country2" name="au" time="0.002"/>
  <system-out/>
  <testcase classname="MyPack.Country2" name="ge" time="0.001"/>
  <system-out/>
  <testcase classname="MyPack.Country2" name="nz" time="0.000"/>
  <system-out/>
  <testcase classname="MyPack.Country2" name="qa" time="0.002"/>
  <system-out/>
  <testcase classname="MyPack.Country2" name="je" time="0.001"/>
  <system-out/>
  <testcase classname="MyPack.Country2" name="sig" time="0.002"/>
  <system-out/>
  <testcase classname="MyPack.Country2" name="sw" time="0.001"/>
  <system-out/>
</testsuite> <!-- MyPack.Country2 -->
